our project is configured to compile against Android SDK 34, but the following plugin(s) require to be compiled against a higher Android SDK version:
- flutter_plugin_android_lifecycle compiles against Android SDK 35
- geolocator_android compiles against Android SDK 35
- image_picker_android compiles against Android SDK 35
- path_provider_android compiles against Android SDK 35
- shared_preferences_android compiles against Android SDK 35
- url_launcher_android compiles against Android SDK 35
Both build.gradle and build.gradle.kts exist, so build.gradle.kts is ignored. This is likely a mistake.
Fix this issue by compiling against the highest Android SDK version (they are backward compatible).
Add the following to /Users/dell/Development/D_new/Daoob/daoob_mobile/android/app/build.gradle:

    android {
        compileSdk = 35
        ...
    }

Your project is configured with Android NDK 26.3.11579264, but the following plugin(s) depend on a different Android NDK version:
- flutter_local_notifications requires Android NDK 27.0.12077973
- flutter_plugin_android_lifecycle requires Android NDK 27.0.12077973
- geocoding_android requires Android NDK 27.0.12077973
- geolocator_android requires Android NDK 27.0.12077973
- image_picker_android requires Android NDK 27.0.12077973
- package_info_plus requires Android NDK 27.0.12077973
- path_provider_android requires Android NDK 27.0.12077973
- permission_handler_android requires Android NDK 27.0.12077973
- share_plus requires Android NDK 27.0.12077973
- shared_preferences_android requires Android NDK 27.0.12077973
- sqflite_android requires Android NDK 27.0.12077973
- url_launcher_android requires Android NDK 27.0.12077973
Both build.gradle and build.gradle.kts exist, so build.gradle.kts is ignored. This is likely a mistake.
Fix this issue by using the highest Android NDK version (they are backward compatible).
Add the following to /Users/dell/Development/D_new/Daoob/daoob_mobile/android/app/build.gradle:

    android {
        ndkVersion = "27.0.12077973"
        ...
    }

Checking the license for package Android SDK Platform 33 in /Users/dell/Library/Android/sdk/licenses
License for package Android SDK Platform 33 accepted.
Preparing "Install Android SDK Platform 33 (revision 3)".
"Install Android SDK Platform 33 (revision 3)" ready.
Installing Android SDK Platform 33 in /Users/dell/Library/Android/sdk/platforms/android-33
"Install Android SDK Platform 33 (revision 3)" complete.
"Install Android SDK Platform 33 (revision 3)" finished.
lib/screens/event_selection_screen.dart:167:27: Error: The getter 'icon' isn't defined for the class 'EventType'.
 - 'EventType' is from 'package:daoob_mobile/models/event_type.dart' ('lib/models/event_type.dart').
Try correcting the name to the name of an existing getter, or defining a getter or field named 'icon'.
                eventType.icon ?? 'ðŸ“…',
                          ^^^^
lib/screens/request_confirmation_screen.dart:320:42: Error: The getter 'phone' isn't defined for the class 'User'.
 - 'User' is from 'package:daoob_mobile/services/auth_service.dart' ('lib/services/auth_service.dart').
Try correcting the name to the name of an existing getter, or defining a getter or field named 'phone'.
        'clientPhone': authService.user?.phone,
                                         ^^^^^
lib/screens/questionnaire_screen.dart:74:40: Error: The getter 'displayOrder' isn't defined for the class 'QuestionnaireItem'.
 - 'QuestionnaireItem' is from 'package:daoob_mobile/models/questionnaire_item.dart' ('lib/models/questionnaire_item.dart').
Try correcting the name to the name of an existing getter, or defining a getter or field named 'displayOrder'.
          _questions.sort((a, b) => (a.displayOrder ?? 0).compareTo(b.displayOrder ?? 0));
                                       ^^^^^^^^^^^^
lib/screens/questionnaire_screen.dart:74:71: Error: The getter 'displayOrder' isn't defined for the class 'QuestionnaireItem'.
 - 'QuestionnaireItem' is from 'package:daoob_mobile/models/questionnaire_item.dart' ('lib/models/questionnaire_item.dart').
Try correcting the name to the name of an existing getter, or defining a getter or field named 'displayOrder'.
          _questions.sort((a, b) => (a.displayOrder ?? 0).compareTo(b.displayOrder ?? 0));
                                                                      ^^^^^^^^^^^^
lib/screens/questionnaire_screen.dart:111:22: Error: The getter 'required' isn't defined for the class 'QuestionnaireItem'.
 - 'QuestionnaireItem' is from 'package:daoob_mobile/models/questionnaire_item.dart' ('lib/models/questionnaire_item.dart').
Try correcting the name to the name of an existing getter, or defining a getter or field named 'required'.
        if (question.required && !_responses.containsKey(question.id)) {
                     ^^^^^^^^
lib/screens/questionnaire_screen.dart:184:22: Error: The getter 'questionType' isn't defined for the class 'QuestionnaireItem'.
 - 'QuestionnaireItem' is from 'package:daoob_mobile/models/questionnaire_item.dart' ('lib/models/questionnaire_item.dart').
Try correcting the name to the name of an existing getter, or defining a getter or field named 'questionType'.
    switch (question.questionType) {
                     ^^^^^^^^^^^^
lib/screens/questionnaire_screen.dart:196:60: Error: The getter 'questionType' isn't defined for the class 'QuestionnaireItem'.
 - 'QuestionnaireItem' is from 'package:daoob_mobile/models/questionnaire_item.dart' ('lib/models/questionnaire_item.dart').
Try correcting the name to the name of an existing getter, or defining a getter or field named 'questionType'.
        return Text('Unsupported question type: ${question.questionType}');
                                                           ^^^^^^^^^^^^
Target kernel_snapshot_program failed: Exception


FAILURE: Build failed with an exception.

* What went wrong:
Execution failed for task ':app:compileFlutterBuildDebug'.
> Process 'command '/Users/dell/Development/flutter/bin/flutter'' finished with non-zero exit value 1

* Try:
> Run with --stacktrace option to get the stack trace.
> Run with --info or --debug option to get more log output.
> Run with --scan to get full insights.
> Get more help at https://help.gradle.org.

BUILD FAILED in 1m 53s
Running Gradle task 'assembleDebug'...                            114.6s
Gradle task assembleDebug failed with exit code 1
dell@MacBook-Air daoob_mobile % 