
âœ“ Successfully generated launcher icons
=== Building APK ===

Your project is configured with Android NDK 26.3.11579264, but the following plugin(s) depend on a different Android NDK version:
- shared_preferences_android requires Android NDK 27.0.12077973
Fix this issue by using the highest Android NDK version (they are backward compatible).
Add the following to /Users/dell/Development/Daoob/flutter_project_download/daoob_mobile/android/app/build.gradle.kts:

    android {
        ndkVersion = "27.0.12077973"
        ...
    }

lib/main.dart:29:53: Error: Can't find '}' to match '{'.
        builder: (context, languageProvider, child) {
                                                    ^
lib/main.dart:22:25: Error: Can't find ')' to match '('.
    return MultiProvider(
                        ^
Error: Couldn't resolve the package 'eventora_mobile' in 'package:eventora_mobile/services/auth_service.dart'.
Error: Couldn't resolve the package 'eventora_mobile' in 'package:eventora_mobile/services/event_provider.dart'.
Error: Couldn't resolve the package 'eventora_mobile' in 'package:eventora_mobile/screens/splash_screen.dart'.
Error: Couldn't resolve the package 'eventora_mobile' in 'package:eventora_mobile/screens/login_screen.dart'.
Error: Couldn't resolve the package 'eventora_mobile' in 'package:eventora_mobile/screens/app_wrapper.dart'.
Error: Couldn't resolve the package 'eventora_mobile' in 'package:eventora_mobile/screens/vendor_detail_screen.dart'.
Error: Couldn't resolve the package 'eventora_mobile' in 'package:eventora_mobile/l10n/app_localizations.dart'.
Error: Couldn't resolve the package 'eventora_mobile' in 'package:eventora_mobile/l10n/language_provider.dart'.
lib/main.dart:4:8: Error: Not found: 'package:eventora_mobile/services/auth_service.dart'
import 'package:eventora_mobile/services/auth_service.dart';
       ^
lib/main.dart:5:8: Error: Not found: 'package:eventora_mobile/services/event_provider.dart'
import 'package:eventora_mobile/services/event_provider.dart';
       ^
lib/main.dart:6:8: Error: Not found: 'package:eventora_mobile/screens/splash_screen.dart'
import 'package:eventora_mobile/screens/splash_screen.dart';
       ^
lib/main.dart:7:8: Error: Not found: 'package:eventora_mobile/screens/login_screen.dart'
import 'package:eventora_mobile/screens/login_screen.dart';
       ^
lib/main.dart:8:8: Error: Not found: 'package:eventora_mobile/screens/app_wrapper.dart'
import 'package:eventora_mobile/screens/app_wrapper.dart';
       ^
lib/main.dart:9:8: Error: Not found: 'package:eventora_mobile/screens/vendor_detail_screen.dart'
import 'package:eventora_mobile/screens/vendor_detail_screen.dart';
       ^
lib/main.dart:10:8: Error: Not found: 'package:eventora_mobile/l10n/app_localizations.dart'
import 'package:eventora_mobile/l10n/app_localizations.dart';
       ^
lib/main.dart:11:8: Error: Not found: 'package:eventora_mobile/l10n/language_provider.dart'
import 'package:eventora_mobile/l10n/language_provider.dart';
       ^
lib/main.dart:28:23: Error: 'LanguageProvider' isn't a type.
      child: Consumer<LanguageProvider>(
                      ^^^^^^^^^^^^^^^^
lib/main.dart:46:11: Error: Undefined name 'AppLocalizations'.
          AppLocalizations.delegate,
          ^^^^^^^^^^^^^^^^
lib/main.dart:66:35: Error: Couldn't find constructor 'SplashScreen'.
          '/': (context) => const SplashScreen(),
                                  ^^^^^^^^^^^^
lib/main.dart:67:40: Error: Couldn't find constructor 'LoginScreen'.
          '/login': (context) => const LoginScreen(),
                                       ^^^^^^^^^^^
lib/main.dart:68:39: Error: Couldn't find constructor 'AppWrapper'.
          '/home': (context) => const AppWrapper(),
                                      ^^^^^^^^^^
lib/main.dart:33:13: Error: No named parameter with the name 'textDirection'.
            textDirection: languageProvider.isRTL ? TextDirection.rtl : TextDirection.ltr,
            ^^^^^^^^^^^^^
../../../flutter/packages/flutter/lib/src/material/app.dart:218:9: Context: Found this candidate, but the arguments don't match.
  const MaterialApp({
        ^^^^^^^^^^^
lib/main.dart:70:7: Error: Expected ';' after this.
      ),
      ^
lib/main.dart:70:8: Error: Expected an identifier, but got ','.
Try inserting an identifier before ','.
      ),
       ^
lib/main.dart:70:8: Error: Unexpected token ';'.
      ),
       ^
lib/main.dart:24:53: Error: The method 'AuthService' isn't defined for the class 'MyApp'.
 - 'MyApp' is from 'package:daoob_mobile/main.dart' ('lib/main.dart').
Try correcting the name to the name of an existing method, or defining a method named 'AuthService'.
        ChangeNotifierProvider(create: (context) => AuthService()),
                                                    ^^^^^^^^^^^
lib/main.dart:24:9: Error: Inferred type argument 'dynamic' doesn't conform to the bound 'ChangeNotifier?' of the type variable 'T' on 'ChangeNotifierProvider'.
 - 'ChangeNotifier' is from 'package:flutter/src/foundation/change_notifier.dart' ('../../../flutter/packages/flutter/lib/src/foundation/change_notifier.dart').
Try specifying type arguments explicitly so that they conform to the bounds.
        ChangeNotifierProvider(create: (context) => AuthService()),
        ^
../../../../.pub-cache/hosted/pub.dev/provider-6.1.5/lib/src/change_notifier_provider.dart:98:30: Context: This is the type variable whose bound isn't conformed to.
class ChangeNotifierProvider<T extends ChangeNotifier?>
                             ^
lib/main.dart:25:53: Error: The method 'LanguageProvider' isn't defined for the class 'MyApp'.
 - 'MyApp' is from 'package:daoob_mobile/main.dart' ('lib/main.dart').
Try correcting the name to the name of an existing method, or defining a method named 'LanguageProvider'.
        ChangeNotifierProvider(create: (context) => LanguageProvider()),
                                                    ^^^^^^^^^^^^^^^^
lib/main.dart:25:9: Error: Inferred type argument 'dynamic' doesn't conform to the bound 'ChangeNotifier?' of the type variable 'T' on 'ChangeNotifierProvider'.
 - 'ChangeNotifier' is from 'package:flutter/src/foundation/change_notifier.dart' ('../../../flutter/packages/flutter/lib/src/foundation/change_notifier.dart').
Try specifying type arguments explicitly so that they conform to the bounds.
        ChangeNotifierProvider(create: (context) => LanguageProvider()),
        ^
../../../../.pub-cache/hosted/pub.dev/provider-6.1.5/lib/src/change_notifier_provider.dart:98:30: Context: This is the type variable whose bound isn't conformed to.
class ChangeNotifierProvider<T extends ChangeNotifier?>
                             ^
lib/main.dart:26:53: Error: The method 'EventProvider' isn't defined for the class 'MyApp'.
 - 'MyApp' is from 'package:daoob_mobile/main.dart' ('lib/main.dart').
Try correcting the name to the name of an existing method, or defining a method named 'EventProvider'.
        ChangeNotifierProvider(create: (context) => EventProvider()),
                                                    ^^^^^^^^^^^^^
lib/main.dart:26:9: Error: Inferred type argument 'dynamic' doesn't conform to the bound 'ChangeNotifier?' of the type variable 'T' on 'ChangeNotifierProvider'.
 - 'ChangeNotifier' is from 'package:flutter/src/foundation/change_notifier.dart' ('../../../flutter/packages/flutter/lib/src/foundation/change_notifier.dart').
Try specifying type arguments explicitly so that they conform to the bounds.
        ChangeNotifierProvider(create: (context) => EventProvider()),
        ^
../../../../.pub-cache/hosted/pub.dev/provider-6.1.5/lib/src/change_notifier_provider.dart:98:30: Context: This is the type variable whose bound isn't conformed to.
class ChangeNotifierProvider<T extends ChangeNotifier?>
                             ^
Unhandled exception:
FileSystemException(uri=org-dartlang-untranslatable-uri:package%3Aeventora_mobile%2Fservices%2Fauth_service.dart; message=StandardFileSystem only supports file:* and data:* URIs)
#0      StandardFileSystem.entityForUri (package:front_end/src/api_prototype/standard_file_system.dart:45)
#1      asFileUri (package:vm/kernel_front_end.dart:820)
#2      writeDepfile (package:vm/kernel_front_end.dart:960)
<asynchronous suspension>
#3      FrontendCompiler.compile (package:frontend_server/frontend_server.dart:712)
<asynchronous suspension>
#4      starter (package:frontend_server/starter.dart:109)
<asynchronous suspension>
#5      main (file:///Volumes/Work/s/w/ir/x/w/sdk/pkg/frontend_server/bin/frontend_server_starter.dart:13)
<asynchronous suspension>

Target kernel_snapshot_program failed: Exception


FAILURE: Build failed with an exception.

* What went wrong:
Execution failed for task ':app:compileFlutterBuildRelease'.
> Process 'command '/Users/dell/Development/flutter/bin/flutter'' finished with non-zero exit value 1

* Try:
> Run with --stacktrace option to get the stack trace.
> Run with --info or --debug option to get more log output.
> Run with --scan to get full insights.
> Get more help at https://help.gradle.org.

BUILD FAILED in 6s
Running Gradle task 'assembleRelease'...                            7.3s
Gradle task assembleRelease failed with exit code 1
=== Setup complete! ===
APK has been built and is located at:
/Users/dell/Development/Daoob/flutter_project_download/daoob_mobile/build/app/outputs/flutter-apk/app-release.apk
dell@MacBookAir flutter_project_download % 